<?xml version="1.0" encoding="UTF-8"?>
<!-- Generated by org.testng.reporters.JUnitXMLReporter -->
<testsuite ignored="0" hostname="DESKTOP-54O7Q2A" failures="0" tests="1" name="TEST-Form Content Test" time="27.418" errors="0" timestamp="2023-09-14T16:29:21 CST">
  <testcase classname="Formic.testcases.FormContentTest" name="checkboxValidationEnableDisableFieldsCheckbox" time="24.963"/>
</testsuite> <!-- TEST-Form Content Test -->
